2025-09-07 16:55:07,080 - src.core.logger_config - INFO - Logging system initialized - File: logs/app.log (Level: INFO), Stdout: enabled (Level: WARNING)
2025-09-07 16:55:07,081 - src.processing.debug_output - INFO - Individual user files will be saved to: output/users
2025-09-07 16:55:07,081 - __main__ - INFO - Enhanced validation enabled with config: {'max_deviation_pct': 0.2, 'same_day_threshold_kg': 10.0, 'rapid_change_threshold_pct': 0.2, 'rapid_change_hours': 24, 'outlier_z_score': 3.0, 'min_readings_for_stats': 10, 'future_date_tolerance_days': 1, 'duplicate_threshold_kg': 0.5, 'gap_threshold_days': 20}
2025-09-07 16:55:07,081 - __main__ - INFO - Starting unified processing of ./2025-09-05_optimized.csv
2025-09-07 16:55:07,081 - __main__ - INFO - Features: Kalman=True, Visualization=True
2025-09-07 16:55:07,082 - src.processing.debug_output - INFO - Individual user files will be saved to: output/users
2025-09-07 16:55:07,082 - __main__ - INFO - Skipping user 00088d03-2305-4032-852a-354d0786ad87 (only 2 raw readings < 3)
2025-09-07 16:55:07,083 - src.processing.user_processor - INFO - Significant gap detected: 337 days
2025-09-07 16:55:07,083 - src.processing.user_processor - INFO - User 000ded70-578d-4b05-8f62-b20b6f5bcf73: Gap of 337 days detected, starting baseline collection
2025-09-07 16:55:07,083 - src.processing.algorithm_processor - INFO - Reinitializing Kalman filter with new baseline after gap: weight=110.7
2025-09-07 16:55:07,083 - src.processing.algorithm_processor - INFO - Kalman filter reset with new baseline parameters
2025-09-07 16:55:07,083 - src.processing.user_processor - INFO - User 000ded70-578d-4b05-8f62-b20b6f5bcf73: Initial baseline failed, trying with first readings approach
2025-09-07 16:55:07,083 - src.processing.user_processor - INFO - User 000ded70-578d-4b05-8f62-b20b6f5bcf73: Baseline established at 109.4 kg (confidence: low, readings: 3)
2025-09-07 16:55:07,083 - src.processing.debug_output - INFO - Individual user files will be saved to: output/users
2025-09-07 16:55:07,491 - src.visualization.dashboard - INFO - Created enhanced dashboard for user 000ded70...
2025-09-07 16:55:07,491 - src.processing.user_processor - INFO - Significant gap detected: 76 days
2025-09-07 16:55:07,491 - src.processing.user_processor - INFO - User 001adb56-40a5-4ef2-a092-e20915e0fb81: Gap of 76 days detected, starting baseline collection
2025-09-07 16:55:07,491 - src.processing.algorithm_processor - INFO - Reinitializing Kalman filter with new baseline after gap: weight=82.0
2025-09-07 16:55:07,491 - src.processing.algorithm_processor - INFO - Kalman filter reset with new baseline parameters
2025-09-07 16:55:07,491 - src.processing.algorithm_processor - INFO - Reinitializing Kalman filter with new baseline after gap: weight=72.6
2025-09-07 16:55:07,491 - src.processing.algorithm_processor - INFO - Kalman filter reset with new baseline parameters
2025-09-07 16:55:07,491 - src.processing.user_processor - INFO - Significant gap detected: 27 days
2025-09-07 16:55:07,491 - src.processing.user_processor - INFO - User 001adb56-40a5-4ef2-a092-e20915e0fb81: Gap of 27 days detected, starting baseline collection
2025-09-07 16:55:07,492 - src.processing.user_processor - INFO - Significant gap detected: 35 days
2025-09-07 16:55:07,492 - src.processing.user_processor - INFO - User 001adb56-40a5-4ef2-a092-e20915e0fb81: Gap of 35 days detected, starting baseline collection
2025-09-07 16:55:07,497 - src.processing.user_processor - INFO - Significant gap detected: 49 days
2025-09-07 16:55:07,497 - src.processing.user_processor - INFO - User 001adb56-40a5-4ef2-a092-e20915e0fb81: Gap of 49 days detected, starting baseline collection
2025-09-07 16:55:07,498 - src.filters.custom_kalman_filter - INFO - Extreme gap detected (281 days) - forcing reinitialization
2025-09-07 16:55:07,498 - src.filters.custom_kalman_filter - INFO - Reinitializing filter with weight=90.7kg
2025-09-07 16:55:07,498 - src.processing.user_processor - INFO - Significant gap detected: 25 days
2025-09-07 16:55:07,498 - src.processing.user_processor - INFO - User 001adb56-40a5-4ef2-a092-e20915e0fb81: Gap of 25 days detected, starting baseline collection
2025-09-07 16:55:07,498 - src.processing.user_processor - INFO - Significant gap detected: 21 days
2025-09-07 16:55:07,498 - src.processing.user_processor - INFO - User 001adb56-40a5-4ef2-a092-e20915e0fb81: Gap of 21 days detected, starting baseline collection
2025-09-07 16:55:07,499 - src.processing.user_processor - INFO - Significant gap detected: 31 days
2025-09-07 16:55:07,499 - src.processing.user_processor - INFO - User 001adb56-40a5-4ef2-a092-e20915e0fb81: Gap of 31 days detected, starting baseline collection
2025-09-07 16:55:07,500 - src.processing.user_processor - INFO - Significant gap detected: 19 days
2025-09-07 16:55:07,503 - src.processing.user_processor - INFO - Significant gap detected: 32 days
2025-09-07 16:55:07,503 - src.processing.user_processor - INFO - User 001adb56-40a5-4ef2-a092-e20915e0fb81: Gap of 32 days detected, starting baseline collection
2025-09-07 16:55:07,503 - src.processing.user_processor - INFO - Significant gap detected: 46 days
2025-09-07 16:55:07,503 - src.processing.user_processor - INFO - User 001adb56-40a5-4ef2-a092-e20915e0fb81: Gap of 46 days detected, starting baseline collection
2025-09-07 16:55:07,503 - src.filters.custom_kalman_filter - INFO - Extreme gap detected (227 days) - forcing reinitialization
2025-09-07 16:55:07,503 - src.filters.custom_kalman_filter - INFO - Reinitializing filter with weight=76.1kg
2025-09-07 16:55:07,504 - src.processing.user_processor - INFO - Significant gap detected: 70 days
2025-09-07 16:55:07,504 - src.processing.user_processor - INFO - User 001adb56-40a5-4ef2-a092-e20915e0fb81: Gap of 70 days detected, starting baseline collection
2025-09-07 16:55:07,504 - src.processing.algorithm_processor - INFO - Reinitializing Kalman filter with new baseline after gap: weight=69.9
2025-09-07 16:55:07,504 - src.processing.algorithm_processor - INFO - Kalman filter reset with new baseline parameters
2025-09-07 16:55:07,504 - src.processing.algorithm_processor - INFO - Reinitializing Kalman filter with new baseline after gap: weight=68.0
2025-09-07 16:55:07,504 - src.processing.algorithm_processor - INFO - Kalman filter reset with new baseline parameters
2025-09-07 16:55:07,506 - src.processing.user_processor - INFO - Significant gap detected: 23 days
2025-09-07 16:55:07,506 - src.processing.user_processor - INFO - User 001adb56-40a5-4ef2-a092-e20915e0fb81: Gap of 23 days detected, starting baseline collection
2025-09-07 16:55:07,509 - src.processing.user_processor - INFO - Significant gap detected: 18 days
2025-09-07 16:55:07,509 - src.processing.user_processor - INFO - Significant gap detected: 17 days
2025-09-07 16:55:07,510 - src.processing.user_processor - INFO - Significant gap detected: 20 days
2025-09-07 16:55:07,510 - src.processing.user_processor - INFO - User 001adb56-40a5-4ef2-a092-e20915e0fb81: Gap of 20 days detected, starting baseline collection
2025-09-07 16:55:07,511 - src.processing.user_processor - INFO - Significant gap detected: 20 days
2025-09-07 16:55:07,511 - src.processing.user_processor - INFO - User 001adb56-40a5-4ef2-a092-e20915e0fb81: Gap of 20 days detected, starting baseline collection
2025-09-07 16:55:07,511 - src.processing.user_processor - INFO - User 001adb56-40a5-4ef2-a092-e20915e0fb81: Initial baseline failed, trying with first readings approach
2025-09-07 16:55:07,512 - src.processing.user_processor - INFO - User 001adb56-40a5-4ef2-a092-e20915e0fb81: Baseline established at 90.5 kg (confidence: high, readings: 29)
2025-09-07 16:55:07,535 - src.filters.multimodal_detector - INFO - Created 2 virtual users for 001adb56-40a5-4ef2-a092-e20915e0fb81
2025-09-07 16:55:07,536 - src.filters.multimodal_detector - INFO -   001adb56-40a5-4ef2-a092-e20915e0fb81_cluster_1: 47 readings, mean=92.1kg
2025-09-07 16:55:07,536 - src.filters.multimodal_detector - INFO -   001adb56-40a5-4ef2-a092-e20915e0fb81_cluster_0: 32 readings, mean=67.8kg
2025-09-07 16:55:07,536 - __main__ - INFO - Multimodal detection: User 001adb56-40a5-4ef2-a092-e20915e0fb81 has 2 distinct weight clusters
2025-09-07 16:55:07,536 - src.processing.debug_output - INFO - Individual user files will be saved to: output/users
2025-09-07 16:55:08,240 - src.visualization.dashboard - INFO - Created enhanced dashboard for user 001adb56...
2025-09-07 16:55:08,241 - src.processing.user_processor - INFO - Significant gap detected: 381 days
2025-09-07 16:55:08,241 - src.processing.user_processor - INFO - User 001b4e0a-535f-4713-b262-bdd4e5b89b7d: Gap of 381 days detected, starting baseline collection
2025-09-07 16:55:08,241 - src.processing.algorithm_processor - INFO - Reinitializing Kalman filter with new baseline after gap: weight=77.5
2025-09-07 16:55:08,241 - src.processing.algorithm_processor - INFO - Kalman filter reset with new baseline parameters
2025-09-07 16:55:08,241 - src.processing.algorithm_processor - INFO - Reinitializing Kalman filter with new baseline after gap: weight=80.7
2025-09-07 16:55:08,241 - src.processing.algorithm_processor - INFO - Kalman filter reset with new baseline parameters
2025-09-07 16:55:08,242 - src.processing.user_processor - INFO - User 001b4e0a-535f-4713-b262-bdd4e5b89b7d: Initial baseline failed, trying with first readings approach
2025-09-07 16:55:08,242 - src.processing.user_processor - INFO - User 001b4e0a-535f-4713-b262-bdd4e5b89b7d: Baseline established at 80.7 kg (confidence: medium, readings: 6)
2025-09-07 16:55:08,243 - src.processing.debug_output - INFO - Individual user files will be saved to: output/users
2025-09-07 16:55:08,569 - src.visualization.dashboard - INFO - Created enhanced dashboard for user 001b4e0a...
2025-09-07 16:55:08,569 - src.processing.user_processor - INFO - Significant gap detected: 966 days
2025-09-07 16:55:08,569 - src.processing.user_processor - INFO - User 00236f31-1030-41fb-befc-43723c4b6429: Gap of 966 days detected, starting baseline collection
2025-09-07 16:55:08,569 - src.processing.algorithm_processor - INFO - Reinitializing Kalman filter with new baseline after gap: weight=88.5
2025-09-07 16:55:08,569 - src.processing.algorithm_processor - INFO - Kalman filter reset with new baseline parameters
2025-09-07 16:55:08,569 - src.processing.debug_output - INFO - Individual user files will be saved to: output/users
2025-09-07 16:55:08,569 - __main__ - INFO - Skipping user 00236f31-1030-41fb-befc-43723c4b6429 (only 2 raw readings < 3)
2025-09-07 16:55:08,569 - src.processing.user_processor - INFO - Significant gap detected: 77 days
2025-09-07 16:55:08,569 - src.processing.user_processor - INFO - User 002e92c1-bbb3-4073-a1b3-f84b5cbb6c8c: Gap of 77 days detected, starting baseline collection
2025-09-07 16:55:08,569 - src.processing.algorithm_processor - INFO - Reinitializing Kalman filter with new baseline after gap: weight=107.0
2025-09-07 16:55:08,569 - src.processing.algorithm_processor - INFO - Kalman filter reset with new baseline parameters
2025-09-07 16:55:08,569 - src.processing.algorithm_processor - INFO - Reinitializing Kalman filter with new baseline after gap: weight=103.7
2025-09-07 16:55:08,569 - src.processing.algorithm_processor - INFO - Kalman filter reset with new baseline parameters
2025-09-07 16:55:08,569 - src.processing.user_processor - INFO - Significant gap detected: 196 days
2025-09-07 16:55:08,570 - src.processing.user_processor - INFO - User 002e92c1-bbb3-4073-a1b3-f84b5cbb6c8c: Gap of 196 days detected, starting baseline collection
2025-09-07 16:55:08,570 - src.processing.algorithm_processor - INFO - Reinitializing Kalman filter with new baseline after gap: weight=101.5
2025-09-07 16:55:08,570 - src.processing.algorithm_processor - INFO - Kalman filter reset with new baseline parameters
2025-09-07 16:55:08,570 - src.processing.algorithm_processor - INFO - Reinitializing Kalman filter with new baseline after gap: weight=98.4
2025-09-07 16:55:08,570 - src.processing.algorithm_processor - INFO - Kalman filter reset with new baseline parameters
2025-09-07 16:55:08,570 - src.processing.user_processor - INFO - User 002e92c1-bbb3-4073-a1b3-f84b5cbb6c8c: Initial baseline failed, trying with first readings approach
2025-09-07 16:55:08,570 - src.processing.user_processor - INFO - User 002e92c1-bbb3-4073-a1b3-f84b5cbb6c8c: Baseline established at 103.7 kg (confidence: medium, readings: 5)
2025-09-07 16:55:08,570 - src.processing.debug_output - INFO - Individual user files will be saved to: output/users
2025-09-07 16:55:09,042 - src.visualization.dashboard - INFO - Created enhanced dashboard for user 002e92c1...
2025-09-07 16:55:09,042 - src.processing.user_processor - INFO - Significant gap detected: 45 days
2025-09-07 16:55:09,042 - src.processing.user_processor - INFO - User 002fe680-cd89-4599-9ab3-e1408bdb9975: Gap of 45 days detected, starting baseline collection
2025-09-07 16:55:09,042 - src.processing.user_processor - INFO - Significant gap detected: 80 days
2025-09-07 16:55:09,043 - src.processing.user_processor - INFO - User 002fe680-cd89-4599-9ab3-e1408bdb9975: Gap of 80 days detected, starting baseline collection
2025-09-07 16:55:09,043 - src.processing.algorithm_processor - INFO - Reinitializing Kalman filter with new baseline after gap: weight=104.9
2025-09-07 16:55:09,043 - src.processing.algorithm_processor - INFO - Kalman filter reset with new baseline parameters
2025-09-07 16:55:09,043 - src.processing.user_processor - INFO - User 002fe680-cd89-4599-9ab3-e1408bdb9975: Baseline failed with 2 readings, entering pending state for retry
2025-09-07 16:55:09,043 - src.processing.algorithm_processor - INFO - Reinitializing Kalman filter with new baseline after gap: weight=105.7
2025-09-07 16:55:09,043 - src.processing.algorithm_processor - INFO - Kalman filter reset with new baseline parameters
2025-09-07 16:55:09,043 - src.processing.algorithm_processor - INFO - Reinitializing Kalman filter with new baseline after gap: weight=101.2
2025-09-07 16:55:09,043 - src.processing.algorithm_processor - INFO - Kalman filter reset with new baseline parameters
2025-09-07 16:55:09,043 - src.processing.user_processor - INFO - Significant gap detected: 204 days
2025-09-07 16:55:09,043 - src.processing.user_processor - INFO - User 002fe680-cd89-4599-9ab3-e1408bdb9975: Gap of 204 days detected, starting baseline collection
2025-09-07 16:55:09,043 - src.processing.algorithm_processor - INFO - Reinitializing Kalman filter with new baseline after gap: weight=103.0
2025-09-07 16:55:09,043 - src.processing.algorithm_processor - INFO - Kalman filter reset with new baseline parameters
2025-09-07 16:55:09,043 - src.processing.algorithm_processor - INFO - Reinitializing Kalman filter with new baseline after gap: weight=104.3
2025-09-07 16:55:09,043 - src.processing.algorithm_processor - INFO - Kalman filter reset with new baseline parameters
2025-09-07 16:55:09,043 - src.processing.user_processor - INFO - Significant gap detected: 45 days
2025-09-07 16:55:09,043 - src.processing.user_processor - INFO - User 002fe680-cd89-4599-9ab3-e1408bdb9975: Gap of 45 days detected, starting baseline collection
2025-09-07 16:55:09,043 - src.processing.user_processor - INFO - Significant gap detected: 21 days
2025-09-07 16:55:09,043 - src.processing.user_processor - INFO - User 002fe680-cd89-4599-9ab3-e1408bdb9975: Gap of 21 days detected, starting baseline collection
2025-09-07 16:55:09,044 - src.processing.user_processor - INFO - Significant gap detected: 33 days
2025-09-07 16:55:09,044 - src.processing.user_processor - INFO - User 002fe680-cd89-4599-9ab3-e1408bdb9975: Gap of 33 days detected, starting baseline collection
2025-09-07 16:55:09,045 - src.processing.user_processor - INFO - Significant gap detected: 236 days
2025-09-07 16:55:09,045 - src.processing.user_processor - INFO - User 002fe680-cd89-4599-9ab3-e1408bdb9975: Gap of 236 days detected, starting baseline collection
2025-09-07 16:55:09,045 - src.processing.algorithm_processor - INFO - Reinitializing Kalman filter with new baseline after gap: weight=101.9
2025-09-07 16:55:09,045 - src.processing.algorithm_processor - INFO - Kalman filter reset with new baseline parameters
2025-09-07 16:55:09,045 - src.processing.algorithm_processor - INFO - Reinitializing Kalman filter with new baseline after gap: weight=101.7
2025-09-07 16:55:09,045 - src.processing.algorithm_processor - INFO - Kalman filter reset with new baseline parameters
2025-09-07 16:55:09,045 - src.processing.user_processor - INFO - User 002fe680-cd89-4599-9ab3-e1408bdb9975: New baseline established after 236 day gap (attempt 1)
2025-09-07 16:55:09,045 - src.processing.algorithm_processor - INFO - Reinitializing Kalman filter with new baseline after gap: weight=101.8
2025-09-07 16:55:09,045 - src.processing.algorithm_processor - INFO - Increased initial variance from 0.0220 to 1.0000 for post-gap adaptation
2025-09-07 16:55:09,045 - src.processing.algorithm_processor - INFO - Kalman filter reset with new baseline parameters
2025-09-07 16:55:09,045 - __main__ - INFO - Kalman filter reinitialized for user 002fe680-cd89-4599-9ab3-e1408bdb9975 after gap
2025-09-07 16:55:09,045 - __main__ - INFO - Enhanced validation gate context reset for user 002fe680-cd89-4599-9ab3-e1408bdb9975
2025-09-07 16:55:09,048 - src.processing.user_processor - INFO - Significant gap detected: 83 days
2025-09-07 16:55:09,048 - src.processing.user_processor - INFO - User 002fe680-cd89-4599-9ab3-e1408bdb9975: Gap of 83 days detected, starting baseline collection
2025-09-07 16:55:09,048 - src.processing.algorithm_processor - INFO - Reinitializing Kalman filter with new baseline after gap: weight=104.4
2025-09-07 16:55:09,048 - src.processing.algorithm_processor - INFO - Kalman filter reset with new baseline parameters
2025-09-07 16:55:09,048 - src.processing.user_processor - INFO - User 002fe680-cd89-4599-9ab3-e1408bdb9975: Baseline failed with 2 readings, entering pending state for retry
2025-09-07 16:55:09,048 - src.processing.algorithm_processor - INFO - Reinitializing Kalman filter with new baseline after gap: weight=104.6
2025-09-07 16:55:09,048 - src.processing.algorithm_processor - INFO - Kalman filter reset with new baseline parameters
2025-09-07 16:55:09,048 - src.processing.algorithm_processor - INFO - Reinitializing Kalman filter with new baseline after gap: weight=104.9
2025-09-07 16:55:09,048 - src.processing.algorithm_processor - INFO - Kalman filter reset with new baseline parameters
2025-09-07 16:55:09,048 - src.processing.user_processor - INFO - User 002fe680-cd89-4599-9ab3-e1408bdb9975: Initial baseline failed, trying with first readings approach
2025-09-07 16:55:09,049 - src.processing.user_processor - INFO - User 002fe680-cd89-4599-9ab3-e1408bdb9975: Baseline established at 103.5 kg (confidence: high, readings: 30)
2025-09-07 16:55:09,052 - src.processing.debug_output - INFO - Individual user files will be saved to: output/users
2025-09-07 16:55:09,567 - src.visualization.dashboard - INFO - Created enhanced dashboard for user 002fe680...
2025-09-07 16:55:09,567 - src.processing.user_processor - INFO - Significant gap detected: 30 days
2025-09-07 16:55:09,567 - src.processing.user_processor - INFO - User 0031ae82-6ac0-4b63-bc76-9c2311841b99: Gap of 30 days detected, starting baseline collection
2025-09-07 16:55:09,568 - src.processing.user_processor - INFO - Significant gap detected: 31 days
2025-09-07 16:55:09,568 - src.processing.user_processor - INFO - User 0031ae82-6ac0-4b63-bc76-9c2311841b99: Gap of 31 days detected, starting baseline collection
2025-09-07 16:55:09,569 - src.processing.user_processor - INFO - Significant gap detected: 28 days
2025-09-07 16:55:09,569 - src.processing.user_processor - INFO - User 0031ae82-6ac0-4b63-bc76-9c2311841b99: Gap of 28 days detected, starting baseline collection
2025-09-07 16:55:09,571 - src.processing.user_processor - INFO - Significant gap detected: 51 days
2025-09-07 16:55:09,571 - src.processing.user_processor - INFO - User 0031ae82-6ac0-4b63-bc76-9c2311841b99: Gap of 51 days detected, starting baseline collection
2025-09-07 16:55:09,572 - src.filters.custom_kalman_filter - INFO - Extreme gap detected (976 days) - forcing reinitialization
2025-09-07 16:55:09,572 - src.filters.custom_kalman_filter - INFO - Reinitializing filter with weight=85.9kg
2025-09-07 16:55:09,572 - src.processing.user_processor - INFO - Significant gap detected: 301 days
2025-09-07 16:55:09,572 - src.processing.user_processor - INFO - User 0031ae82-6ac0-4b63-bc76-9c2311841b99: Gap of 301 days detected, starting baseline collection
2025-09-07 16:55:09,572 - src.processing.algorithm_processor - INFO - Reinitializing Kalman filter with new baseline after gap: weight=79.4
2025-09-07 16:55:09,572 - src.processing.algorithm_processor - INFO - Kalman filter reset with new baseline parameters
2025-09-07 16:55:09,572 - src.processing.user_processor - INFO - User 0031ae82-6ac0-4b63-bc76-9c2311841b99: Initial baseline failed, trying with first readings approach
2025-09-07 16:55:09,572 - src.processing.user_processor - INFO - User 0031ae82-6ac0-4b63-bc76-9c2311841b99: Baseline established at 89.5 kg (confidence: high, readings: 18)
2025-09-07 16:55:09,573 - src.processing.debug_output - INFO - Individual user files will be saved to: output/users
2025-09-07 16:55:10,186 - src.visualization.dashboard - INFO - Created enhanced dashboard for user 0031ae82...
2025-09-07 16:55:10,186 - src.processing.user_processor - INFO - Significant gap detected: 35 days
2025-09-07 16:55:10,186 - src.processing.user_processor - INFO - User 003c63c3-3646-497d-87f0-fcb9754cb327: Gap of 35 days detected, starting baseline collection
2025-09-07 16:55:10,187 - src.processing.user_processor - INFO - Significant gap detected: 52 days
2025-09-07 16:55:10,187 - src.processing.user_processor - INFO - User 003c63c3-3646-497d-87f0-fcb9754cb327: Gap of 52 days detected, starting baseline collection
2025-09-07 16:55:10,187 - src.filters.custom_kalman_filter - INFO - Extreme gap detected (239 days) - forcing reinitialization
2025-09-07 16:55:10,187 - src.filters.custom_kalman_filter - INFO - Reinitializing filter with weight=159.2kg
2025-09-07 16:55:10,187 - src.processing.user_processor - INFO - Significant gap detected: 31 days
2025-09-07 16:55:10,187 - src.processing.user_processor - INFO - User 003c63c3-3646-497d-87f0-fcb9754cb327: Gap of 31 days detected, starting baseline collection
2025-09-07 16:55:10,188 - src.processing.user_processor - INFO - Significant gap detected: 81 days
2025-09-07 16:55:10,188 - src.processing.user_processor - INFO - User 003c63c3-3646-497d-87f0-fcb9754cb327: Gap of 81 days detected, starting baseline collection
2025-09-07 16:55:10,188 - src.processing.algorithm_processor - INFO - Reinitializing Kalman filter with new baseline after gap: weight=155.4
2025-09-07 16:55:10,188 - src.processing.algorithm_processor - INFO - Kalman filter reset with new baseline parameters
2025-09-07 16:55:10,188 - src.processing.algorithm_processor - INFO - Reinitializing Kalman filter with new baseline after gap: weight=152.5
2025-09-07 16:55:10,188 - src.processing.algorithm_processor - INFO - Kalman filter reset with new baseline parameters
2025-09-07 16:55:10,189 - src.processing.user_processor - INFO - Significant gap detected: 44 days
2025-09-07 16:55:10,189 - src.processing.user_processor - INFO - User 003c63c3-3646-497d-87f0-fcb9754cb327: Gap of 44 days detected, starting baseline collection
2025-09-07 16:55:10,189 - src.processing.user_processor - INFO - Significant gap detected: 93 days
2025-09-07 16:55:10,189 - src.processing.user_processor - INFO - User 003c63c3-3646-497d-87f0-fcb9754cb327: Gap of 93 days detected, starting baseline collection
2025-09-07 16:55:10,189 - src.processing.algorithm_processor - INFO - Reinitializing Kalman filter with new baseline after gap: weight=152.9
2025-09-07 16:55:10,189 - src.processing.algorithm_processor - INFO - Kalman filter reset with new baseline parameters
2025-09-07 16:55:10,189 - src.processing.algorithm_processor - INFO - Reinitializing Kalman filter with new baseline after gap: weight=152.9
2025-09-07 16:55:10,189 - src.processing.algorithm_processor - INFO - Kalman filter reset with new baseline parameters
2025-09-07 16:55:10,189 - src.processing.user_processor - INFO - Significant gap detected: 114 days
2025-09-07 16:55:10,189 - src.processing.user_processor - INFO - User 003c63c3-3646-497d-87f0-fcb9754cb327: Gap of 114 days detected, starting baseline collection
2025-09-07 16:55:10,189 - src.processing.algorithm_processor - INFO - Reinitializing Kalman filter with new baseline after gap: weight=147.8
2025-09-07 16:55:10,189 - src.processing.algorithm_processor - INFO - Kalman filter reset with new baseline parameters
2025-09-07 16:55:10,189 - src.processing.algorithm_processor - INFO - Reinitializing Kalman filter with new baseline after gap: weight=152.2
2025-09-07 16:55:10,189 - src.processing.algorithm_processor - INFO - Kalman filter reset with new baseline parameters
2025-09-07 16:55:10,189 - src.processing.user_processor - INFO - Significant gap detected: 41 days
2025-09-07 16:55:10,190 - src.processing.user_processor - INFO - User 003c63c3-3646-497d-87f0-fcb9754cb327: Gap of 41 days detected, starting baseline collection
2025-09-07 16:55:10,190 - src.filters.custom_kalman_filter - INFO - Extreme gap detected (179 days) - forcing reinitialization
2025-09-07 16:55:10,190 - src.filters.custom_kalman_filter - INFO - Reinitializing filter with weight=155.5kg
2025-09-07 16:55:10,190 - src.processing.user_processor - INFO - Significant gap detected: 67 days
2025-09-07 16:55:10,190 - src.processing.user_processor - INFO - User 003c63c3-3646-497d-87f0-fcb9754cb327: Gap of 67 days detected, starting baseline collection
2025-09-07 16:55:10,190 - src.processing.algorithm_processor - INFO - Reinitializing Kalman filter with new baseline after gap: weight=149.7
2025-09-07 16:55:10,190 - src.processing.algorithm_processor - INFO - Kalman filter reset with new baseline parameters
2025-09-07 16:55:10,190 - src.processing.user_processor - INFO - User 003c63c3-3646-497d-87f0-fcb9754cb327: Initial baseline failed, trying with first readings approach
2025-09-07 16:55:10,190 - src.processing.user_processor - INFO - User 003c63c3-3646-497d-87f0-fcb9754cb327: Baseline established at 152.9 kg (confidence: high, readings: 20)
2025-09-07 16:55:10,191 - src.processing.debug_output - INFO - Individual user files will be saved to: output/users
2025-09-07 16:55:10,709 - src.visualization.dashboard - INFO - Created enhanced dashboard for user 003c63c3...
2025-09-07 16:55:10,709 - src.processing.user_processor - INFO - Significant gap detected: 57 days
2025-09-07 16:55:10,709 - src.processing.user_processor - INFO - User 0040872d-333a-4ace-8c5a-b2fcd056e65a: Gap of 57 days detected, starting baseline collection
2025-09-07 16:55:10,710 - src.processing.user_processor - INFO - Significant gap detected: 62 days
2025-09-07 16:55:10,710 - src.processing.user_processor - INFO - User 0040872d-333a-4ace-8c5a-b2fcd056e65a: Gap of 62 days detected, starting baseline collection
2025-09-07 16:55:10,710 - src.processing.algorithm_processor - INFO - Reinitializing Kalman filter with new baseline after gap: weight=88.5
2025-09-07 16:55:10,710 - src.processing.algorithm_processor - INFO - Kalman filter reset with new baseline parameters
2025-09-07 16:55:10,710 - src.processing.algorithm_processor - INFO - Reinitializing Kalman filter with new baseline after gap: weight=87.1
2025-09-07 16:55:10,710 - src.processing.algorithm_processor - INFO - Kalman filter reset with new baseline parameters
2025-09-07 16:55:10,711 - src.processing.user_processor - INFO - Significant gap detected: 28 days
2025-09-07 16:55:10,711 - src.processing.user_processor - INFO - User 0040872d-333a-4ace-8c5a-b2fcd056e65a: Gap of 28 days detected, starting baseline collection
2025-09-07 16:55:10,725 - src.filters.custom_kalman_filter - INFO - Physiologically impossible: 65.1kg vs predicted 80.7kg - deviation 15.6kg exceeds max 3.2kg
2025-09-07 16:55:10,742 - src.processing.user_processor - INFO - User 0040872d-333a-4ace-8c5a-b2fcd056e65a: Initial baseline failed, trying with first readings approach
2025-09-07 16:55:10,742 - src.processing.user_processor - INFO - User 0040872d-333a-4ace-8c5a-b2fcd056e65a: Baseline established at 80.8 kg (confidence: high, readings: 30)
2025-09-07 16:55:10,748 - src.processing.debug_output - INFO - Individual user files will be saved to: output/users
2025-09-07 16:55:12,225 - src.visualization.dashboard - INFO - Created enhanced dashboard for user 0040872d...
2025-09-07 16:55:12,226 - src.processing.user_processor - INFO - Significant gap detected: 239 days
2025-09-07 16:55:12,226 - src.processing.user_processor - INFO - User 0050916a-0b8c-404e-a1ef-741cc3afdae4: Gap of 239 days detected, starting baseline collection
2025-09-07 16:55:12,226 - src.processing.algorithm_processor - INFO - Reinitializing Kalman filter with new baseline after gap: weight=52.2
2025-09-07 16:55:12,226 - src.processing.algorithm_processor - INFO - Kalman filter reset with new baseline parameters
2025-09-07 16:55:12,226 - src.processing.algorithm_processor - INFO - Reinitializing Kalman filter with new baseline after gap: weight=52.2
2025-09-07 16:55:12,226 - src.processing.algorithm_processor - INFO - Kalman filter reset with new baseline parameters
2025-09-07 16:55:12,226 - src.processing.user_processor - INFO - Significant gap detected: 17 days
2025-09-07 16:55:12,227 - src.processing.user_processor - INFO - Significant gap detected: 36 days
2025-09-07 16:55:12,227 - src.processing.user_processor - INFO - User 0050916a-0b8c-404e-a1ef-741cc3afdae4: Gap of 36 days detected, starting baseline collection
2025-09-07 16:55:12,227 - src.processing.user_processor - INFO - User 0050916a-0b8c-404e-a1ef-741cc3afdae4: Baseline failed with 2 readings, entering pending state for retry
2025-09-07 16:55:12,228 - src.processing.user_processor - INFO - Significant gap detected: 42 days
2025-09-07 16:55:12,228 - src.processing.user_processor - INFO - User 0050916a-0b8c-404e-a1ef-741cc3afdae4: Gap of 42 days detected, starting baseline collection
2025-09-07 16:55:12,228 - src.filters.custom_kalman_filter - INFO - Extreme gap detected (220 days) - forcing reinitialization
2025-09-07 16:55:12,228 - src.filters.custom_kalman_filter - INFO - Reinitializing filter with weight=53.5kg
2025-09-07 16:55:12,228 - src.processing.user_processor - INFO - User 0050916a-0b8c-404e-a1ef-741cc3afdae4: Initial baseline failed, trying with first readings approach
2025-09-07 16:55:12,228 - src.processing.user_processor - INFO - User 0050916a-0b8c-404e-a1ef-741cc3afdae4: Baseline established at 52.2 kg (confidence: medium, readings: 8)
2025-09-07 16:55:12,228 - src.processing.debug_output - INFO - Individual user files will be saved to: output/users
2025-09-07 16:55:12,681 - src.visualization.dashboard - INFO - Created enhanced dashboard for user 0050916a...
2025-09-07 16:55:12,681 - src.processing.user_processor - INFO - Significant gap detected: 372 days
2025-09-07 16:55:12,681 - src.processing.user_processor - INFO - User 0054e8b8-4503-40fc-b0b4-d8f9fd68be6d: Gap of 372 days detected, starting baseline collection
2025-09-07 16:55:12,681 - src.processing.algorithm_processor - INFO - Reinitializing Kalman filter with new baseline after gap: weight=96.7
2025-09-07 16:55:12,681 - src.processing.algorithm_processor - INFO - Kalman filter reset with new baseline parameters
2025-09-07 16:55:12,681 - src.processing.algorithm_processor - INFO - Reinitializing Kalman filter with new baseline after gap: weight=104.3
2025-09-07 16:55:12,681 - src.processing.algorithm_processor - INFO - Kalman filter reset with new baseline parameters
2025-09-07 16:55:12,681 - src.processing.user_processor - INFO - Significant gap detected: 786 days
2025-09-07 16:55:12,681 - src.processing.user_processor - INFO - User 0054e8b8-4503-40fc-b0b4-d8f9fd68be6d: Gap of 786 days detected, starting baseline collection
2025-09-07 16:55:12,681 - src.processing.algorithm_processor - INFO - Reinitializing Kalman filter with new baseline after gap: weight=116.6
2025-09-07 16:55:12,681 - src.processing.algorithm_processor - INFO - Kalman filter reset with new baseline parameters
2025-09-07 16:55:12,681 - src.processing.user_processor - INFO - User 0054e8b8-4503-40fc-b0b4-d8f9fd68be6d: Baseline failed with 2 readings, entering pending state for retry
2025-09-07 16:55:12,681 - src.processing.algorithm_processor - INFO - Reinitializing Kalman filter with new baseline after gap: weight=116.6
2025-09-07 16:55:12,681 - src.processing.algorithm_processor - INFO - Kalman filter reset with new baseline parameters
2025-09-07 16:55:12,681 - src.processing.user_processor - INFO - User 0054e8b8-4503-40fc-b0b4-d8f9fd68be6d: Initial baseline failed, trying with first readings approach
2025-09-07 16:55:12,682 - src.processing.user_processor - INFO - User 0054e8b8-4503-40fc-b0b4-d8f9fd68be6d: Baseline established at 105.7 kg (confidence: medium, readings: 6)
2025-09-07 16:55:12,682 - src.processing.debug_output - INFO - Individual user files will be saved to: output/users
2025-09-07 16:55:13,062 - src.visualization.dashboard - INFO - Created enhanced dashboard for user 0054e8b8...
2025-09-07 16:55:13,062 - src.processing.user_processor - INFO - Significant gap detected: 32 days
2025-09-07 16:55:13,062 - src.processing.user_processor - INFO - User 005cbfed-3551-4c47-8b92-fcf85fa73152: Gap of 32 days detected, starting baseline collection
2025-09-07 16:55:13,063 - src.filters.custom_kalman_filter - INFO - Extreme gap detected (430 days) - forcing reinitialization
2025-09-07 16:55:13,063 - src.filters.custom_kalman_filter - INFO - Reinitializing filter with weight=59.4kg
2025-09-07 16:55:13,063 - src.processing.user_processor - INFO - Significant gap detected: 37 days
2025-09-07 16:55:13,063 - src.processing.user_processor - INFO - User 005cbfed-3551-4c47-8b92-fcf85fa73152: Gap of 37 days detected, starting baseline collection
2025-09-07 16:55:13,063 - src.processing.user_processor - INFO - Significant gap detected: 25 days
2025-09-07 16:55:13,063 - src.processing.user_processor - INFO - User 005cbfed-3551-4c47-8b92-fcf85fa73152: Gap of 25 days detected, starting baseline collection
2025-09-07 16:55:13,064 - src.processing.user_processor - INFO - Significant gap detected: 122 days
2025-09-07 16:55:13,064 - src.processing.user_processor - INFO - User 005cbfed-3551-4c47-8b92-fcf85fa73152: Gap of 122 days detected, starting baseline collection
2025-09-07 16:55:13,064 - src.processing.algorithm_processor - INFO - Reinitializing Kalman filter with new baseline after gap: weight=60.1
2025-09-07 16:55:13,064 - src.processing.algorithm_processor - INFO - Kalman filter reset with new baseline parameters
2025-09-07 16:55:13,064 - src.processing.algorithm_processor - INFO - Reinitializing Kalman filter with new baseline after gap: weight=59.1
2025-09-07 16:55:13,064 - src.processing.algorithm_processor - INFO - Kalman filter reset with new baseline parameters
2025-09-07 16:55:13,064 - src.processing.user_processor - INFO - Significant gap detected: 40 days
2025-09-07 16:55:13,064 - src.processing.user_processor - INFO - User 005cbfed-3551-4c47-8b92-fcf85fa73152: Gap of 40 days detected, starting baseline collection
2025-09-07 16:55:13,065 - src.processing.user_processor - INFO - Significant gap detected: 381 days
2025-09-07 16:55:13,065 - src.processing.user_processor - INFO - User 005cbfed-3551-4c47-8b92-fcf85fa73152: Gap of 381 days detected, starting baseline collection
2025-09-07 16:55:13,065 - src.processing.algorithm_processor - INFO - Reinitializing Kalman filter with new baseline after gap: weight=63.7
2025-09-07 16:55:13,065 - src.processing.algorithm_processor - INFO - Kalman filter reset with new baseline parameters
2025-09-07 16:55:13,065 - src.processing.algorithm_processor - INFO - Reinitializing Kalman filter with new baseline after gap: weight=64.1
2025-09-07 16:55:13,065 - src.processing.algorithm_processor - INFO - Kalman filter reset with new baseline parameters
2025-09-07 16:55:13,065 - src.processing.user_processor - INFO - Significant gap detected: 59 days
2025-09-07 16:55:13,066 - src.processing.user_processor - INFO - User 005cbfed-3551-4c47-8b92-fcf85fa73152: Gap of 59 days detected, starting baseline collection
2025-09-07 16:55:13,066 - src.processing.user_processor - INFO - User 005cbfed-3551-4c47-8b92-fcf85fa73152: Initial baseline failed, trying with first readings approach
2025-09-07 16:55:13,066 - src.processing.user_processor - INFO - User 005cbfed-3551-4c47-8b92-fcf85fa73152: Baseline established at 61.0 kg (confidence: high, readings: 16)
2025-09-07 16:55:13,066 - src.processing.debug_output - INFO - Individual user files will be saved to: output/users
2025-09-07 16:55:13,637 - src.visualization.dashboard - INFO - Created enhanced dashboard for user 005cbfed...
2025-09-07 16:55:13,637 - src.processing.user_processor - INFO - Significant gap detected: 395 days
2025-09-07 16:55:13,637 - src.processing.user_processor - INFO - User 0061d47a-0c6f-4b01-9605-9a28b1099a92: Gap of 395 days detected, starting baseline collection
2025-09-07 16:55:13,637 - src.processing.algorithm_processor - INFO - Reinitializing Kalman filter with new baseline after gap: weight=114.3
2025-09-07 16:55:13,637 - src.processing.algorithm_processor - INFO - Kalman filter reset with new baseline parameters
2025-09-07 16:55:13,637 - src.processing.algorithm_processor - INFO - Reinitializing Kalman filter with new baseline after gap: weight=112.7
2025-09-07 16:55:13,637 - src.processing.algorithm_processor - INFO - Kalman filter reset with new baseline parameters
2025-09-07 16:55:13,637 - src.processing.user_processor - INFO - Significant gap detected: 374 days
2025-09-07 16:55:13,637 - src.processing.user_processor - INFO - User 0061d47a-0c6f-4b01-9605-9a28b1099a92: Gap of 374 days detected, starting baseline collection
2025-09-07 16:55:13,637 - src.processing.algorithm_processor - INFO - Reinitializing Kalman filter with new baseline after gap: weight=114.7
2025-09-07 16:55:13,637 - src.processing.algorithm_processor - INFO - Kalman filter reset with new baseline parameters
2025-09-07 16:55:13,637 - src.processing.algorithm_processor - INFO - Reinitializing Kalman filter with new baseline after gap: weight=111.1
2025-09-07 16:55:13,637 - src.processing.algorithm_processor - INFO - Kalman filter reset with new baseline parameters
2025-09-07 16:55:13,637 - src.processing.user_processor - INFO - Significant gap detected: 22 days
2025-09-07 16:55:13,637 - src.processing.user_processor - INFO - User 0061d47a-0c6f-4b01-9605-9a28b1099a92: Gap of 22 days detected, starting baseline collection
2025-09-07 16:55:13,638 - src.processing.user_processor - INFO - User 0061d47a-0c6f-4b01-9605-9a28b1099a92: New baseline established after 22 day gap (attempt 1)
2025-09-07 16:55:13,638 - src.processing.algorithm_processor - INFO - Reinitializing Kalman filter with new baseline after gap: weight=110.4
2025-09-07 16:55:13,638 - src.processing.algorithm_processor - INFO - Increased initial variance from 0.0879 to 1.0000 for post-gap adaptation
2025-09-07 16:55:13,638 - src.processing.algorithm_processor - INFO - Kalman filter reset with new baseline parameters
2025-09-07 16:55:13,638 - __main__ - INFO - Kalman filter reinitialized for user 0061d47a-0c6f-4b01-9605-9a28b1099a92 after gap
2025-09-07 16:55:13,638 - __main__ - INFO - Enhanced validation gate context reset for user 0061d47a-0c6f-4b01-9605-9a28b1099a92
2025-09-07 16:55:13,640 - src.processing.user_processor - INFO - User 0061d47a-0c6f-4b01-9605-9a28b1099a92: Initial baseline failed, trying with first readings approach
2025-09-07 16:55:13,641 - src.processing.user_processor - INFO - User 0061d47a-0c6f-4b01-9605-9a28b1099a92: Baseline established at 111.1 kg (confidence: high, readings: 11)
2025-09-07 16:55:13,641 - src.processing.debug_output - INFO - Individual user files will be saved to: output/users
2025-09-07 16:55:14,192 - src.visualization.dashboard - INFO - Created enhanced dashboard for user 0061d47a...
2025-09-07 16:55:14,193 - src.processing.debug_output - INFO - Individual user files will be saved to: output/users
2025-09-07 16:55:14,193 - __main__ - INFO - Skipping user 006727ad-d7c4-41db-8066-8cf40d00f1dd (only 1 raw readings < 3)
2025-09-07 16:55:14,193 - src.processing.user_processor - INFO - Significant gap detected: 205 days
2025-09-07 16:55:14,193 - src.processing.user_processor - INFO - User 0068b2b6-e171-4611-bf4f-0fc88c9b949d: Gap of 205 days detected, starting baseline collection
2025-09-07 16:55:14,193 - src.processing.algorithm_processor - INFO - Reinitializing Kalman filter with new baseline after gap: weight=93.4
2025-09-07 16:55:14,193 - src.processing.algorithm_processor - INFO - Kalman filter reset with new baseline parameters
2025-09-07 16:55:14,193 - src.processing.algorithm_processor - INFO - Reinitializing Kalman filter with new baseline after gap: weight=97.8
2025-09-07 16:55:14,193 - src.processing.algorithm_processor - INFO - Kalman filter reset with new baseline parameters
2025-09-07 16:55:14,193 - src.processing.user_processor - INFO - Significant gap detected: 403 days
2025-09-07 16:55:14,193 - src.processing.user_processor - INFO - User 0068b2b6-e171-4611-bf4f-0fc88c9b949d: Gap of 403 days detected, starting baseline collection
2025-09-07 16:55:14,193 - src.processing.algorithm_processor - INFO - Reinitializing Kalman filter with new baseline after gap: weight=99.6
2025-09-07 16:55:14,193 - src.processing.algorithm_processor - INFO - Kalman filter reset with new baseline parameters
2025-09-07 16:55:14,193 - src.processing.algorithm_processor - INFO - Reinitializing Kalman filter with new baseline after gap: weight=103.0
2025-09-07 16:55:14,193 - src.processing.algorithm_processor - INFO - Kalman filter reset with new baseline parameters
2025-09-07 16:55:14,194 - src.processing.user_processor - INFO - Significant gap detected: 378 days
2025-09-07 16:55:14,194 - src.processing.user_processor - INFO - User 0068b2b6-e171-4611-bf4f-0fc88c9b949d: Gap of 378 days detected, starting baseline collection
2025-09-07 16:55:14,194 - src.processing.algorithm_processor - INFO - Reinitializing Kalman filter with new baseline after gap: weight=96.6
2025-09-07 16:55:14,194 - src.processing.algorithm_processor - INFO - Kalman filter reset with new baseline parameters
2025-09-07 16:55:14,194 - src.processing.algorithm_processor - INFO - Reinitializing Kalman filter with new baseline after gap: weight=98.4
2025-09-07 16:55:14,194 - src.processing.algorithm_processor - INFO - Kalman filter reset with new baseline parameters
2025-09-07 16:55:14,194 - src.processing.user_processor - INFO - Significant gap detected: 18 days
2025-09-07 16:55:14,200 - src.processing.user_processor - INFO - Significant gap detected: 16 days
2025-09-07 16:55:14,205 - src.processing.user_processor - INFO - Significant gap detected: 15 days
2025-09-07 16:55:14,219 - src.processing.user_processor - INFO - User 0068b2b6-e171-4611-bf4f-0fc88c9b949d: Initial baseline failed, trying with first readings approach
2025-09-07 16:55:14,220 - src.processing.user_processor - INFO - User 0068b2b6-e171-4611-bf4f-0fc88c9b949d: Baseline established at 96.1 kg (confidence: high, readings: 29)
2025-09-07 16:55:14,227 - src.filters.multimodal_detector - INFO - Created 2 virtual users for 0068b2b6-e171-4611-bf4f-0fc88c9b949d
2025-09-07 16:55:14,227 - src.filters.multimodal_detector - INFO -   0068b2b6-e171-4611-bf4f-0fc88c9b949d_cluster_1: 61 readings, mean=93.8kg
2025-09-07 16:55:14,227 - src.filters.multimodal_detector - INFO -   0068b2b6-e171-4611-bf4f-0fc88c9b949d_cluster_0: 34 readings, mean=82.1kg
2025-09-07 16:55:14,227 - __main__ - INFO - Multimodal detection: User 0068b2b6-e171-4611-bf4f-0fc88c9b949d has 2 distinct weight clusters
2025-09-07 16:55:14,228 - src.processing.debug_output - INFO - Individual user files will be saved to: output/users
2025-09-07 16:55:15,082 - src.visualization.dashboard - INFO - Created enhanced dashboard for user 0068b2b6...
2025-09-07 16:55:15,082 - src.processing.user_processor - INFO - Significant gap detected: 127 days
2025-09-07 16:55:15,082 - src.processing.user_processor - INFO - User 0069687c-c1b2-420e-bfae-009a284d13fe: Gap of 127 days detected, starting baseline collection
2025-09-07 16:55:15,082 - src.processing.algorithm_processor - INFO - Reinitializing Kalman filter with new baseline after gap: weight=95.2
2025-09-07 16:55:15,082 - src.processing.algorithm_processor - INFO - Kalman filter reset with new baseline parameters
2025-09-07 16:55:15,082 - src.processing.algorithm_processor - INFO - Reinitializing Kalman filter with new baseline after gap: weight=89.8
2025-09-07 16:55:15,082 - src.processing.algorithm_processor - INFO - Kalman filter reset with new baseline parameters
2025-09-07 16:55:15,082 - src.processing.user_processor - INFO - Significant gap detected: 54 days
2025-09-07 16:55:15,082 - src.processing.user_processor - INFO - User 0069687c-c1b2-420e-bfae-009a284d13fe: Gap of 54 days detected, starting baseline collection
2025-09-07 16:55:15,082 - src.filters.custom_kalman_filter - INFO - Extreme gap detected (237 days) - forcing reinitialization
2025-09-07 16:55:15,082 - src.filters.custom_kalman_filter - INFO - Reinitializing filter with weight=89.8kg
2025-09-07 16:55:15,082 - src.processing.user_processor - INFO - Significant gap detected: 537 days
2025-09-07 16:55:15,082 - src.processing.user_processor - INFO - User 0069687c-c1b2-420e-bfae-009a284d13fe: Gap of 537 days detected, starting baseline collection
2025-09-07 16:55:15,083 - src.processing.algorithm_processor - INFO - Reinitializing Kalman filter with new baseline after gap: weight=89.8
2025-09-07 16:55:15,083 - src.processing.algorithm_processor - INFO - Kalman filter reset with new baseline parameters
2025-09-07 16:55:15,083 - src.processing.user_processor - INFO - User 0069687c-c1b2-420e-bfae-009a284d13fe: Baseline failed with 2 readings, entering pending state for retry
2025-09-07 16:55:15,083 - src.processing.algorithm_processor - INFO - Reinitializing Kalman filter with new baseline after gap: weight=78.0
2025-09-07 16:55:15,083 - src.processing.algorithm_processor - INFO - Kalman filter reset with new baseline parameters
2025-09-07 16:55:15,083 - src.processing.algorithm_processor - INFO - Reinitializing Kalman filter with new baseline after gap: weight=76.2
2025-09-07 16:55:15,083 - src.processing.algorithm_processor - INFO - Kalman filter reset with new baseline parameters
2025-09-07 16:55:15,083 - src.processing.user_processor - INFO - Significant gap detected: 18 days
2025-09-07 16:55:15,084 - src.processing.user_processor - INFO - Significant gap detected: 35 days
2025-09-07 16:55:15,084 - src.processing.user_processor - INFO - User 0069687c-c1b2-420e-bfae-009a284d13fe: Gap of 35 days detected, starting baseline collection
2025-09-07 16:55:15,084 - src.processing.user_processor - INFO - User 0069687c-c1b2-420e-bfae-009a284d13fe: New baseline established after 35 day gap (attempt 1)
2025-09-07 16:55:15,084 - src.processing.algorithm_processor - INFO - Reinitializing Kalman filter with new baseline after gap: weight=82.5
2025-09-07 16:55:15,084 - src.processing.algorithm_processor - INFO - Increased initial variance from 0.0100 to 1.0000 for post-gap adaptation
2025-09-07 16:55:15,085 - src.processing.algorithm_processor - INFO - Kalman filter reset with new baseline parameters
2025-09-07 16:55:15,085 - __main__ - INFO - Kalman filter reinitialized for user 0069687c-c1b2-420e-bfae-009a284d13fe after gap
2025-09-07 16:55:15,085 - __main__ - INFO - Enhanced validation gate context reset for user 0069687c-c1b2-420e-bfae-009a284d13fe
2025-09-07 16:55:15,088 - src.processing.user_processor - INFO - Significant gap detected: 14 days
2025-09-07 16:55:15,089 - src.processing.user_processor - INFO - Significant gap detected: 18 days
2025-09-07 16:55:15,095 - src.processing.user_processor - INFO - Significant gap detected: 26 days
2025-09-07 16:55:15,095 - src.processing.user_processor - INFO - User 0069687c-c1b2-420e-bfae-009a284d13fe: Gap of 26 days detected, starting baseline collection
2025-09-07 16:55:15,095 - src.processing.user_processor - INFO - User 0069687c-c1b2-420e-bfae-009a284d13fe: Initial baseline failed, trying with first readings approach
2025-09-07 16:55:15,096 - src.processing.user_processor - INFO - User 0069687c-c1b2-420e-bfae-009a284d13fe: Baseline established at 82.5 kg (confidence: high, readings: 20)
2025-09-07 16:55:15,100 - src.filters.multimodal_detector - INFO - Created 3 virtual users for 0069687c-c1b2-420e-bfae-009a284d13fe
2025-09-07 16:55:15,100 - src.filters.multimodal_detector - INFO -   0069687c-c1b2-420e-bfae-009a284d13fe_cluster_2: 2 readings, mean=95.2kg
2025-09-07 16:55:15,100 - src.filters.multimodal_detector - INFO -   0069687c-c1b2-420e-bfae-009a284d13fe_cluster_1: 5 readings, mean=89.8kg
2025-09-07 16:55:15,100 - src.filters.multimodal_detector - INFO -   0069687c-c1b2-420e-bfae-009a284d13fe_cluster_0: 47 readings, mean=82.0kg
2025-09-07 16:55:15,100 - __main__ - INFO - Multimodal detection: User 0069687c-c1b2-420e-bfae-009a284d13fe has 3 distinct weight clusters
2025-09-07 16:55:15,101 - src.processing.debug_output - INFO - Individual user files will be saved to: output/users
2025-09-07 16:55:15,825 - src.visualization.dashboard - INFO - Created enhanced dashboard for user 0069687c...
2025-09-07 16:55:15,825 - src.processing.user_processor - INFO - Significant gap detected: 433 days
2025-09-07 16:55:15,825 - src.processing.user_processor - INFO - User 006f9e04-dbad-4f87-a398-07b46fc4eeb3: Gap of 433 days detected, starting baseline collection
2025-09-07 16:55:15,825 - src.processing.algorithm_processor - INFO - Reinitializing Kalman filter with new baseline after gap: weight=84.8
2025-09-07 16:55:15,825 - src.processing.algorithm_processor - INFO - Kalman filter reset with new baseline parameters
2025-09-07 16:55:15,825 - src.processing.algorithm_processor - INFO - Reinitializing Kalman filter with new baseline after gap: weight=100.3
2025-09-07 16:55:15,825 - src.processing.algorithm_processor - INFO - Kalman filter reset with new baseline parameters
2025-09-07 16:55:15,825 - src.processing.user_processor - INFO - Significant gap detected: 129 days
2025-09-07 16:55:15,825 - src.processing.user_processor - INFO - User 006f9e04-dbad-4f87-a398-07b46fc4eeb3: Gap of 129 days detected, starting baseline collection
2025-09-07 16:55:15,825 - src.processing.algorithm_processor - INFO - Reinitializing Kalman filter with new baseline after gap: weight=102.5
2025-09-07 16:55:15,825 - src.processing.algorithm_processor - INFO - Kalman filter reset with new baseline parameters
2025-09-07 16:55:15,826 - src.processing.user_processor - INFO - User 006f9e04-dbad-4f87-a398-07b46fc4eeb3: Initial baseline failed, trying with first readings approach
2025-09-07 16:55:15,826 - src.processing.user_processor - INFO - User 006f9e04-dbad-4f87-a398-07b46fc4eeb3: Baseline established at 100.2 kg (confidence: medium, readings: 5)
2025-09-07 16:55:15,826 - src.processing.debug_output - INFO - Individual user files will be saved to: output/users
2025-09-07 16:55:16,197 - src.visualization.dashboard - INFO - Created enhanced dashboard for user 006f9e04...
2025-09-07 16:55:16,197 - src.processing.user_processor - INFO - Significant gap detected: 358 days
2025-09-07 16:55:16,197 - src.processing.user_processor - INFO - User 00775c99-feba-4683-af8b-21c493841508: Gap of 358 days detected, starting baseline collection
2025-09-07 16:55:16,197 - src.processing.algorithm_processor - INFO - Reinitializing Kalman filter with new baseline after gap: weight=122.5
2025-09-07 16:55:16,197 - src.processing.algorithm_processor - INFO - Kalman filter reset with new baseline parameters
2025-09-07 16:55:16,198 - src.processing.algorithm_processor - INFO - Reinitializing Kalman filter with new baseline after gap: weight=126.9
2025-09-07 16:55:16,198 - src.processing.algorithm_processor - INFO - Kalman filter reset with new baseline parameters
2025-09-07 16:55:16,198 - src.processing.user_processor - INFO - Significant gap detected: 140 days
2025-09-07 16:55:16,198 - src.processing.user_processor - INFO - User 00775c99-feba-4683-af8b-21c493841508: Gap of 140 days detected, starting baseline collection
2025-09-07 16:55:16,198 - src.processing.algorithm_processor - INFO - Reinitializing Kalman filter with new baseline after gap: weight=126.5
2025-09-07 16:55:16,198 - src.processing.algorithm_processor - INFO - Kalman filter reset with new baseline parameters
2025-09-07 16:55:16,198 - src.processing.algorithm_processor - INFO - Reinitializing Kalman filter with new baseline after gap: weight=123.0
2025-09-07 16:55:16,198 - src.processing.algorithm_processor - INFO - Kalman filter reset with new baseline parameters
2025-09-07 16:55:16,198 - src.processing.user_processor - INFO - Significant gap detected: 34 days
2025-09-07 16:55:16,198 - src.processing.user_processor - INFO - User 00775c99-feba-4683-af8b-21c493841508: Gap of 34 days detected, starting baseline collection
2025-09-07 16:55:16,198 - src.filters.custom_kalman_filter - INFO - Extreme gap detected (371 days) - forcing reinitialization
2025-09-07 16:55:16,198 - src.filters.custom_kalman_filter - INFO - Reinitializing filter with weight=122.5kg
2025-09-07 16:55:16,198 - src.processing.user_processor - INFO - Significant gap detected: 42 days
2025-09-07 16:55:16,198 - src.processing.user_processor - INFO - User 00775c99-feba-4683-af8b-21c493841508: Gap of 42 days detected, starting baseline collection
2025-09-07 16:55:16,199 - src.processing.user_processor - INFO - Significant gap detected: 187 days
2025-09-07 16:55:16,199 - src.processing.user_processor - INFO - User 00775c99-feba-4683-af8b-21c493841508: Gap of 187 days detected, starting baseline collection
2025-09-07 16:55:16,199 - src.processing.algorithm_processor - INFO - Reinitializing Kalman filter with new baseline after gap: weight=124.7
2025-09-07 16:55:16,199 - src.processing.algorithm_processor - INFO - Kalman filter reset with new baseline parameters
2025-09-07 16:55:16,199 - src.processing.algorithm_processor - INFO - Reinitializing Kalman filter with new baseline after gap: weight=129.1
2025-09-07 16:55:16,199 - src.processing.algorithm_processor - INFO - Kalman filter reset with new baseline parameters
2025-09-07 16:55:16,199 - src.processing.user_processor - INFO - Significant gap detected: 31 days
2025-09-07 16:55:16,199 - src.processing.user_processor - INFO - User 00775c99-feba-4683-af8b-21c493841508: Gap of 31 days detected, starting baseline collection
2025-09-07 16:55:16,200 - src.processing.user_processor - INFO - User 00775c99-feba-4683-af8b-21c493841508: New baseline established after 31 day gap (attempt 1)
2025-09-07 16:55:16,200 - src.processing.algorithm_processor - INFO - Reinitializing Kalman filter with new baseline after gap: weight=127.2
2025-09-07 16:55:16,200 - src.processing.algorithm_processor - INFO - Increased initial variance from 0.0100 to 1.0000 for post-gap adaptation
2025-09-07 16:55:16,200 - src.processing.algorithm_processor - INFO - Kalman filter reset with new baseline parameters
2025-09-07 16:55:16,200 - __main__ - INFO - Kalman filter reinitialized for user 00775c99-feba-4683-af8b-21c493841508 after gap
2025-09-07 16:55:16,200 - __main__ - INFO - Enhanced validation gate context reset for user 00775c99-feba-4683-af8b-21c493841508
2025-09-07 16:55:16,249 - src.processing.user_processor - INFO - User 00775c99-feba-4683-af8b-21c493841508: Initial baseline failed, trying with first readings approach
2025-09-07 16:55:16,250 - src.processing.user_processor - INFO - User 00775c99-feba-4683-af8b-21c493841508: Baseline established at 124.9 kg (confidence: high, readings: 28)
2025-09-07 16:55:16,256 - src.processing.debug_output - INFO - Individual user files will be saved to: output/users
2025-09-07 16:55:17,439 - src.visualization.dashboard - INFO - Created enhanced dashboard for user 00775c99...
2025-09-07 16:55:17,440 - src.processing.user_processor - INFO - Significant gap detected: 83 days
2025-09-07 16:55:17,440 - src.processing.user_processor - INFO - User 0078d6b1-68bb-4456-a5bc-1a006d1c78bd: Gap of 83 days detected, starting baseline collection
2025-09-07 16:55:17,440 - src.processing.algorithm_processor - INFO - Reinitializing Kalman filter with new baseline after gap: weight=149.2
2025-09-07 16:55:17,440 - src.processing.algorithm_processor - INFO - Kalman filter reset with new baseline parameters
2025-09-07 16:55:17,440 - src.processing.algorithm_processor - INFO - Reinitializing Kalman filter with new baseline after gap: weight=146.4
2025-09-07 16:55:17,440 - src.processing.algorithm_processor - INFO - Kalman filter reset with new baseline parameters
2025-09-07 16:55:17,440 - src.processing.user_processor - INFO - Significant gap detected: 20 days
2025-09-07 16:55:17,440 - src.processing.user_processor - INFO - User 0078d6b1-68bb-4456-a5bc-1a006d1c78bd: Gap of 20 days detected, starting baseline collection
2025-09-07 16:55:17,440 - src.processing.user_processor - INFO - Significant gap detected: 133 days
2025-09-07 16:55:17,440 - src.processing.user_processor - INFO - User 0078d6b1-68bb-4456-a5bc-1a006d1c78bd: Gap of 133 days detected, starting baseline collection
2025-09-07 16:55:17,440 - src.processing.algorithm_processor - INFO - Reinitializing Kalman filter with new baseline after gap: weight=145.7
2025-09-07 16:55:17,440 - src.processing.algorithm_processor - INFO - Kalman filter reset with new baseline parameters
2025-09-07 16:55:17,440 - src.processing.algorithm_processor - INFO - Reinitializing Kalman filter with new baseline after gap: weight=145.4
2025-09-07 16:55:17,440 - src.processing.algorithm_processor - INFO - Kalman filter reset with new baseline parameters
2025-09-07 16:55:17,441 - src.processing.user_processor - INFO - Significant gap detected: 77 days
2025-09-07 16:55:17,441 - src.processing.user_processor - INFO - User 0078d6b1-68bb-4456-a5bc-1a006d1c78bd: Gap of 77 days detected, starting baseline collection
2025-09-07 16:55:17,441 - src.processing.algorithm_processor - INFO - Reinitializing Kalman filter with new baseline after gap: weight=146.1
2025-09-07 16:55:17,441 - src.processing.algorithm_processor - INFO - Kalman filter reset with new baseline parameters
2025-09-07 16:55:17,441 - src.processing.algorithm_processor - INFO - Reinitializing Kalman filter with new baseline after gap: weight=146.0
2025-09-07 16:55:17,441 - src.processing.algorithm_processor - INFO - Kalman filter reset with new baseline parameters
2025-09-07 16:55:17,441 - src.processing.user_processor - INFO - Significant gap detected: 315 days
2025-09-07 16:55:17,441 - src.processing.user_processor - INFO - User 0078d6b1-68bb-4456-a5bc-1a006d1c78bd: Gap of 315 days detected, starting baseline collection
2025-09-07 16:55:17,441 - src.processing.algorithm_processor - INFO - Reinitializing Kalman filter with new baseline after gap: weight=150.6
2025-09-07 16:55:17,441 - src.processing.algorithm_processor - INFO - Kalman filter reset with new baseline parameters
2025-09-07 16:55:17,441 - src.processing.algorithm_processor - INFO - Reinitializing Kalman filter with new baseline after gap: weight=151.6
2025-09-07 16:55:17,441 - src.processing.algorithm_processor - INFO - Kalman filter reset with new baseline parameters
2025-09-07 16:55:17,441 - src.processing.user_processor - INFO - Significant gap detected: 67 days
2025-09-07 16:55:17,441 - src.processing.user_processor - INFO - User 0078d6b1-68bb-4456-a5bc-1a006d1c78bd: Gap of 67 days detected, starting baseline collection
2025-09-07 16:55:17,441 - src.processing.algorithm_processor - INFO - Reinitializing Kalman filter with new baseline after gap: weight=154.2
2025-09-07 16:55:17,441 - src.processing.algorithm_processor - INFO - Kalman filter reset with new baseline parameters
2025-09-07 16:55:17,441 - src.processing.algorithm_processor - INFO - Reinitializing Kalman filter with new baseline after gap: weight=150.3
2025-09-07 16:55:17,441 - src.processing.algorithm_processor - INFO - Kalman filter reset with new baseline parameters
2025-09-07 16:55:17,441 - src.processing.user_processor - INFO - Significant gap detected: 70 days
2025-09-07 16:55:17,441 - src.processing.user_processor - INFO - User 0078d6b1-68bb-4456-a5bc-1a006d1c78bd: Gap of 70 days detected, starting baseline collection
2025-09-07 16:55:17,441 - src.processing.algorithm_processor - INFO - Reinitializing Kalman filter with new baseline after gap: weight=140.3
2025-09-07 16:55:17,441 - src.processing.algorithm_processor - INFO - Kalman filter reset with new baseline parameters
2025-09-07 16:55:17,441 - src.processing.algorithm_processor - INFO - Reinitializing Kalman filter with new baseline after gap: weight=141.0
2025-09-07 16:55:17,441 - src.processing.algorithm_processor - INFO - Kalman filter reset with new baseline parameters
2025-09-07 16:55:17,441 - src.processing.user_processor - INFO - Significant gap detected: 28 days
2025-09-07 16:55:17,441 - src.processing.user_processor - INFO - User 0078d6b1-68bb-4456-a5bc-1a006d1c78bd: Gap of 28 days detected, starting baseline collection
2025-09-07 16:55:17,442 - src.processing.user_processor - INFO - Significant gap detected: 114 days
2025-09-07 16:55:17,442 - src.processing.user_processor - INFO - User 0078d6b1-68bb-4456-a5bc-1a006d1c78bd: Gap of 114 days detected, starting baseline collection
2025-09-07 16:55:17,442 - src.processing.algorithm_processor - INFO - Reinitializing Kalman filter with new baseline after gap: weight=149.7
2025-09-07 16:55:17,442 - src.processing.algorithm_processor - INFO - Kalman filter reset with new baseline parameters
2025-09-07 16:55:17,442 - src.processing.algorithm_processor - INFO - Reinitializing Kalman filter with new baseline after gap: weight=151.9
2025-09-07 16:55:17,442 - src.processing.algorithm_processor - INFO - Kalman filter reset with new baseline parameters
2025-09-07 16:55:17,442 - src.filters.custom_kalman_filter - INFO - Physiologically impossible: 30.0kg vs predicted 151.9kg - deviation 121.9kg exceeds max 10.6kg
2025-09-07 16:55:17,442 - src.processing.user_processor - INFO - User 0078d6b1-68bb-4456-a5bc-1a006d1c78bd: Initial baseline failed, trying with first readings approach
2025-09-07 16:55:17,442 - src.processing.user_processor - INFO - User 0078d6b1-68bb-4456-a5bc-1a006d1c78bd: Baseline established at 146.0 kg (confidence: high, readings: 20)
2025-09-07 16:55:17,442 - src.processing.debug_output - INFO - Individual user files will be saved to: output/users
2025-09-07 16:55:17,979 - src.visualization.dashboard - INFO - Created enhanced dashboard for user 0078d6b1...
2025-09-07 16:55:17,979 - src.processing.user_processor - INFO - Significant gap detected: 15 days
2025-09-07 16:55:17,980 - src.processing.user_processor - INFO - User 007a2ec3-fd5c-44c2-ade6-b510266d888f: Initial baseline failed, trying with first readings approach
2025-09-07 16:55:17,980 - src.processing.user_processor - INFO - User 007a2ec3-fd5c-44c2-ade6-b510266d888f: Baseline established at 90.7 kg (confidence: low, readings: 3)
2025-09-07 16:55:17,980 - src.processing.debug_output - INFO - Individual user files will be saved to: output/users
